<?xml version="1.0" encoding="UTF-8"?>
<!-- Generated by org.testng.reporters.JUnitXMLReporter -->
<testsuite ignored="0" hostname="IBM-GFT61F3" failures="0" tests="6" name="Default test" time="0.092" errors="0" timestamp="2024-03-19T08:43:48 IST">
  <testcase classname="testngdemopack.DemoTestng" name="show4" time="0.007"/>
  <testcase classname="testngdemopack.DemoTestng" name="show3" time="0.002"/>
  <testcase classname="testngdemopack.DemoTestng" name="display" time="0.001"/>
  <testcase classname="testngdemopack.DemoTestng" name="show1" time="0.001"/>
  <testcase classname="testngdemopack.DemoTestng" name="show2" time="0.003"/>
  <testcase classname="testngdemopack.DemoTestng" name="show" time="0.001"/>
</testsuite> <!-- Default test -->
