<?xml version="1.0" encoding="UTF-8"?>
<testng-results ignored="0" total="5" passed="5" failed="0" skipped="0">
  <reporter-output>
  </reporter-output>
  <suite started-at="2024-03-19T07:09:47 IST" name="Default suite" finished-at="2024-03-19T07:09:55 IST" duration-ms="7843">
    <groups>
    </groups>
    <test started-at="2024-03-19T07:09:47 IST" name="Default test" finished-at="2024-03-19T07:09:55 IST" duration-ms="7843">
      <class name="testngdemopack.TestSuiteExmaple">
        <test-method signature="openBrowser()[pri:0, instance:testngdemopack.TestSuiteExmaple@b62d79]" started-at="2024-03-19T07:09:47 IST" name="openBrowser" finished-at="2024-03-19T07:09:49 IST" duration-ms="1962" status="PASS">
          <reporter-output>
          </reporter-output>
        </test-method> <!-- openBrowser -->
        <test-method signature="openGoogle()[pri:0, instance:testngdemopack.TestSuiteExmaple@b62d79]" started-at="2024-03-19T07:09:49 IST" name="openGoogle" finished-at="2024-03-19T07:09:51 IST" duration-ms="1715" status="PASS">
          <reporter-output>
          </reporter-output>
        </test-method> <!-- openGoogle -->
        <test-method signature="openAmazon()[pri:1, instance:testngdemopack.TestSuiteExmaple@b62d79]" started-at="2024-03-19T07:09:51 IST" name="openAmazon" finished-at="2024-03-19T07:09:52 IST" duration-ms="1367" status="PASS">
          <reporter-output>
          </reporter-output>
        </test-method> <!-- openAmazon -->
        <test-method signature="openFlipkart()[pri:2, instance:testngdemopack.TestSuiteExmaple@b62d79]" started-at="2024-03-19T07:09:52 IST" name="openFlipkart" finished-at="2024-03-19T07:09:54 IST" duration-ms="2465" status="PASS">
          <reporter-output>
          </reporter-output>
        </test-method> <!-- openFlipkart -->
        <test-method signature="closeBrowser()[pri:3, instance:testngdemopack.TestSuiteExmaple@b62d79]" started-at="2024-03-19T07:09:54 IST" name="closeBrowser" finished-at="2024-03-19T07:09:55 IST" duration-ms="291" status="PASS">
          <reporter-output>
          </reporter-output>
        </test-method> <!-- closeBrowser -->
      </class> <!-- testngdemopack.TestSuiteExmaple -->
    </test> <!-- Default test -->
  </suite> <!-- Default suite -->
</testng-results>
